<?xml version="1.0" encoding="UTF-8"?>
<!-- Generated by org.testng.reporters.JUnitReportReporter -->
<testsuite hostname="LAPTOP-IMEM3875" failures="0" tests="1" name="Tests.DeleteBook" time="52.688" errors="0" timestamp="22 Dec 2022 10:35:08 GMT" skipped="0">
  <testcase classname="Tests.DeleteBook" name="DeleteBookTest" time="52.688"/>
</testsuite> <!-- Tests.DeleteBook -->
