<?xml version="1.0" encoding="UTF-8"?>
<!-- Generated by org.testng.reporters.JUnitReportReporter -->
<testsuite hostname="LAPTOP-IMEM3875" failures="0" tests="1" name="Tests.AddBook" time="19.509" errors="0" timestamp="2022-12-22T15:52:09 IST" skipped="0">
  <testcase classname="Tests.AddBook" name="AddBookTest" time="19.509"/>
  <system-out/>
</testsuite> <!-- Tests.AddBook -->
