<?xml version="1.0" encoding="UTF-8"?>
<!-- Generated by org.testng.reporters.JUnitReportReporter -->
<testsuite hostname="LAPTOP-IMEM3875" failures="0" tests="1" name="Tests.APIAddBook" time="63.789" errors="0" timestamp="2022-12-22T16:00:32 IST" skipped="0">
  <testcase classname="Tests.APIAddBook" name="login" time="63.789"/>
  <system-out/>
</testsuite> <!-- Tests.APIAddBook -->
